<?xml version="1.0" encoding="UTF-8"?>
<!-- Generated by org.testng.reporters.JUnitXMLReporter -->
<testsuite ignored="1" hostname="Bhavya" failures="0" tests="3" name="Test" time="52.207" errors="0" timestamp="2024-12-24T08:43:36 GST">
  <testcase classname="testPKG.CreateAccountTest" name="testcreateAccount" time="6.753"/>
  <testcase classname="testPKG.loginAccountTest" name="testloginaccount" time="3.174"/>
  <testcase classname="testPKG.loginAccountTest" name="testHomePage" time="30.947"/>
  <testcase classname="basePKG.QueenGalaxyBase" name="@BeforeTest setUp" time="0.0">
    <ignored/>
  </testcase> <!-- @BeforeTest setUp -->
</testsuite> <!-- Test -->
