<?xml version="1.0" encoding="UTF-8"?>
<testng-results ignored="0" total="3" passed="3" failed="0" skipped="0">
  <reporter-output>
  </reporter-output>
  <suite started-at="2024-12-24T08:42:44 GST" name="Suite" finished-at="2024-12-24T08:43:36 GST" duration-ms="52207">
    <groups>
    </groups>
    <test started-at="2024-12-24T08:42:44 GST" name="Test" finished-at="2024-12-24T08:43:36 GST" duration-ms="52207">
      <class name="testPKG.loginAccountTest">
        <test-method signature="testloginaccount()[pri:1, instance:testPKG.loginAccountTest@6bbe85a8]" started-at="2024-12-24T08:43:02 GST" name="testloginaccount" finished-at="2024-12-24T08:43:05 GST" duration-ms="3174" status="PASS">
          <reporter-output>
          </reporter-output>
        </test-method> <!-- testloginaccount -->
        <test-method signature="testHomePage()[pri:2, instance:testPKG.loginAccountTest@6bbe85a8]" started-at="2024-12-24T08:43:05 GST" name="testHomePage" finished-at="2024-12-24T08:43:36 GST" duration-ms="30947" status="PASS">
          <reporter-output>
          </reporter-output>
        </test-method> <!-- testHomePage -->
      </class> <!-- testPKG.loginAccountTest -->
      <class name="testPKG.CreateAccountTest">
        <test-method is-config="true" signature="setUp()[pri:0, instance:testPKG.CreateAccountTest@1cf6d1be]" started-at="2024-12-24T08:42:44 GST" name="setUp" finished-at="2024-12-24T08:42:55 GST" duration-ms="11240" status="PASS">
          <reporter-output>
          </reporter-output>
        </test-method> <!-- setUp -->
        <test-method signature="testcreateAccount()[pri:0, instance:testPKG.CreateAccountTest@1cf6d1be]" started-at="2024-12-24T08:42:55 GST" name="testcreateAccount" finished-at="2024-12-24T08:43:02 GST" duration-ms="6753" status="PASS">
          <reporter-output>
          </reporter-output>
        </test-method> <!-- testcreateAccount -->
      </class> <!-- testPKG.CreateAccountTest -->
    </test> <!-- Test -->
  </suite> <!-- Suite -->
</testng-results>
